0 info it worked if it ends with ok
1 verbose cli [ 'node', '/usr/local/bin/npm', 'install', '-g', 'logcat' ]
2 info using npm@2.7.4
3 info using node@v0.12.2
4 silly cache add args [ 'logcat', null ]
5 verbose cache add spec logcat
6 silly cache add parsed spec { raw: 'logcat',
6 silly cache add   scope: null,
6 silly cache add   name: 'logcat',
6 silly cache add   rawSpec: '',
6 silly cache add   spec: '*',
6 silly cache add   type: 'range' }
7 verbose addNamed logcat@*
8 silly addNamed semver.valid null
9 silly addNamed semver.validRange *
10 silly addNameRange { name: 'logcat', range: '*', hasData: false }
11 silly mapToRegistry name logcat
12 silly mapToRegistry using default registry
13 silly mapToRegistry registry https://registry.npmjs.org/
14 silly mapToRegistry uri https://registry.npmjs.org/logcat
15 verbose addNameRange registry:https://registry.npmjs.org/logcat not in flight; fetching
16 verbose request uri https://registry.npmjs.org/logcat
17 verbose request no auth needed
18 info attempt registry request try #1 at 4:25:19 PM
19 verbose request id 8124fb059d5db97e
20 http request GET https://registry.npmjs.org/logcat
21 http 200 https://registry.npmjs.org/logcat
22 silly get cb [ 200,
22 silly get   { server: 'CouchDB/1.5.0 (Erlang OTP/R16B03)',
22 silly get     etag: '"5VWBXU0KLUDXK913EOCGWJTOO"',
22 silly get     'content-type': 'application/json',
22 silly get     'cache-control': 'max-age=60',
22 silly get     'content-length': '12231',
22 silly get     'accept-ranges': 'bytes',
22 silly get     date: 'Mon, 07 Sep 2015 06:25:20 GMT',
22 silly get     via: '1.1 varnish',
22 silly get     age: '0',
22 silly get     connection: 'keep-alive',
22 silly get     'x-served-by': 'cache-syd1626-SYD',
22 silly get     'x-cache': 'MISS',
22 silly get     'x-cache-hits': '0',
22 silly get     'x-timer': 'S1441607119.229617,VS0,VE798',
22 silly get     vary: 'Accept' } ]
23 verbose get saving logcat to /Users/james/.npm/registry.npmjs.org/logcat/.cache.json
24 silly addNameRange number 2 { name: 'logcat', range: '*', hasData: true }
25 silly addNameRange versions [ 'logcat',
25 silly addNameRange   [ '0.0.1', '0.0.2', '0.0.3', '0.0.4', '0.0.5', '0.0.6', '0.0.7' ] ]
26 verbose addNamed logcat@0.0.7
27 silly addNamed semver.valid 0.0.7
28 silly addNamed semver.validRange 0.0.7
29 silly mapToRegistry name logcat
30 silly mapToRegistry using default registry
31 silly mapToRegistry registry https://registry.npmjs.org/
32 silly mapToRegistry uri https://registry.npmjs.org/logcat
33 verbose addRemoteTarball https://registry.npmjs.org/logcat/-/logcat-0.0.7.tgz not in flight; adding
34 verbose addRemoteTarball [ 'https://registry.npmjs.org/logcat/-/logcat-0.0.7.tgz',
34 verbose addRemoteTarball   '127b68ce5cccccc8b056af2c362f3ec1c952a907' ]
35 info retry fetch attempt 1 at 4:25:21 PM
36 info attempt registry request try #1 at 4:25:21 PM
37 http fetch GET https://registry.npmjs.org/logcat/-/logcat-0.0.7.tgz
38 http fetch 200 https://registry.npmjs.org/logcat/-/logcat-0.0.7.tgz
39 silly fetchAndShaCheck shasum 127b68ce5cccccc8b056af2c362f3ec1c952a907
40 verbose addTmpTarball /var/folders/95/w91n4msn3dg18g80tshsyl2h0000gn/T/npm-30037-3e8d1c50/registry.npmjs.org/logcat/-/logcat-0.0.7.tgz not in flight; adding
41 verbose addTmpTarball already have metadata; skipping unpack for logcat@0.0.7
42 silly cache afterAdd logcat@0.0.7
43 verbose afterAdd /Users/james/.npm/logcat/0.0.7/package/package.json not in flight; writing
44 verbose afterAdd /Users/james/.npm/logcat/0.0.7/package/package.json written
45 silly install resolved [ { name: 'logcat',
45 silly install resolved     author: { name: 'Spirin Vladimir', email: 'spirin.vladimir@gmail.com' },
45 silly install resolved     dependencies: { colors: '*', 'express.io': '*' },
45 silly install resolved     version: '0.0.7',
45 silly install resolved     scripts: { test: 'mocha test/app.js' },
45 silly install resolved     description: 'Monitor android',
45 silly install resolved     devDependencies: { supertest: '~0.5.1', should: '~1.2.2', mocha: '^2.1.0' },
45 silly install resolved     repository:
45 silly install resolved      { type: 'git',
45 silly install resolved        url: 'git://github.com/spirinvladimir/logcat.git' },
45 silly install resolved     bin: { logcat: './bin/logcat' },
45 silly install resolved     keywords: [ 'adb', 'logcat', 'viewer' ],
45 silly install resolved     license: 'BSD',
45 silly install resolved     gitHead: 'c61ed2f62335192a6a9fe3504da90d4c644b7d03',
45 silly install resolved     bugs: { url: 'https://github.com/spirinvladimir/logcat/issues' },
45 silly install resolved     homepage: 'https://github.com/spirinvladimir/logcat',
45 silly install resolved     _id: 'logcat@0.0.7',
45 silly install resolved     _shasum: '127b68ce5cccccc8b056af2c362f3ec1c952a907',
45 silly install resolved     _from: 'logcat@*',
45 silly install resolved     _npmVersion: '1.4.14',
45 silly install resolved     _npmUser: { name: 'spirinvladimir', email: 'spirin.vladimir@gmail.com' },
45 silly install resolved     maintainers: [ [Object] ],
45 silly install resolved     dist:
45 silly install resolved      { shasum: '127b68ce5cccccc8b056af2c362f3ec1c952a907',
45 silly install resolved        tarball: 'http://registry.npmjs.org/logcat/-/logcat-0.0.7.tgz' },
45 silly install resolved     directories: {},
45 silly install resolved     _resolved: 'https://registry.npmjs.org/logcat/-/logcat-0.0.7.tgz' } ]
46 info install logcat@0.0.7 into /usr/local/lib
47 info installOne logcat@0.0.7
48 verbose installOne of logcat to /usr/local/lib not in flight; installing
49 warn locking Error: EACCES, open '/Users/james/.npm/_locks/logcat-794d5b3d2e5d587a.lock'
49 warn locking     at Error (native)
49 warn locking  /Users/james/.npm/_locks/logcat-794d5b3d2e5d587a.lock failed { [Error: EACCES, open '/Users/james/.npm/_locks/logcat-794d5b3d2e5d587a.lock']
49 warn locking   errno: -13,
49 warn locking   code: 'EACCES',
49 warn locking   path: '/Users/james/.npm/_locks/logcat-794d5b3d2e5d587a.lock' }
50 verbose stack Error: Attempt to unlock /usr/local/lib/node_modules/logcat, which hasn't been locked
50 verbose stack     at unlock (/usr/local/lib/node_modules/npm/lib/utils/locker.js:66:11)
50 verbose stack     at cb (/usr/local/lib/node_modules/npm/lib/install.js:1004:5)
50 verbose stack     at /usr/local/lib/node_modules/npm/lib/install.js:1008:20
50 verbose stack     at /usr/local/lib/node_modules/npm/lib/utils/locker.js:40:9
50 verbose stack     at cb (/usr/local/lib/node_modules/npm/node_modules/lockfile/lockfile.js:149:38)
50 verbose stack     at /usr/local/lib/node_modules/npm/node_modules/lockfile/lockfile.js:177:38
50 verbose stack     at FSReqWrap.oncomplete (fs.js:95:15)
51 verbose cwd /Users/james/Desktop/Classes/java/projects/Assignment
52 error Darwin 14.5.0
53 error argv "node" "/usr/local/bin/npm" "install" "-g" "logcat"
54 error node v0.12.2
55 error npm  v2.7.4
56 error Attempt to unlock /usr/local/lib/node_modules/logcat, which hasn't been locked
57 error If you need help, you may report this error at:
57 error     <https://github.com/npm/npm/issues>
58 verbose exit [ 1, true ]
